<?xml version="1.0" encoding="utf-8"?><testsuites name="pytest tests"><testsuite name="pytest" errors="0" failures="0" skipped="0" tests="7" time="1.040" timestamp="2026-06-13T13:24:29.754715+00:00" hostname="agent-env-e79c22d7-ce4e-4039-b527-e798e876facb"><testcase classname="backend.tests.backend_test.TestHealth" name="test_root_message" time="0.564" /><testcase classname="backend.tests.backend_test.TestContact" name="test_create_contact_and_list_persistence" time="0.097" /><testcase classname="backend.tests.backend_test.TestContact" name="test_create_contact_minimal_optional_fields" time="0.044" /><testcase classname="backend.tests.backend_test.TestContact" name="test_invalid_email_returns_422" time="0.046" /><testcase classname="backend.tests.backend_test.TestContact" name="test_missing_required_fields_returns_422" time="0.040" /><testcase classname="backend.tests.backend_test.TestContact" name="test_empty_name_returns_422" time="0.042" /><testcase classname="backend.tests.backend_test.TestContact" name="test_list_contacts_returns_list" time="0.042" /></testsuite></testsuites>